app/build/outputs/logs/manifest-merger-debug-report.txt
-- Merging decision tree log ---
manifest
ADDED from src\main\AndroidManifest.xml:2:1-52:12
	package
		ADDED from src\main\AndroidManifest.xml:3:11-47
		INJECTED from src\main\AndroidManifest.xml
		INJECTED from src\main\AndroidManifest.xml
	android:versionName
		INJECTED from src\main\AndroidManifest.xml
		INJECTED from src\main\AndroidManifest.xml
	xmlns:android
		ADDED from src\main\AndroidManifest.xml:2:11-69
	android:versionCode
		INJECTED from src\main\AndroidManifest.xml
		INJECTED from src\main\AndroidManifest.xml
uses-permission#android.permission.GET_ACCOUNTS
ADDED from src\main\AndroidManifest.xml:6:5-70
	android:name
		ADDED from src\main\AndroidManifest.xml:6:22-68
uses-permission#android.permission.READ_PROFILE
ADDED from src\main\AndroidManifest.xml:7:5-70
	android:name
		ADDED from src\main\AndroidManifest.xml:7:22-68
uses-permission#android.permission.READ_CONTACTS
ADDED from src\main\AndroidManifest.xml:8:5-71
	android:name
		ADDED from src\main\AndroidManifest.xml:8:22-69
application
ADDED from src\main\AndroidManifest.xml:10:5-50:19
MERGED from [com.android.support:appcompat-v7:23.1.1] AndroidManifest.xml:22:5-20
MERGED from [com.android.support:support-v4:23.1.1] AndroidManifest.xml:22:5-20
MERGED from [com.android.support:design:23.1.1] AndroidManifest.xml:22:5-20
MERGED from [com.android.support:appcompat-v7:23.1.1] AndroidManifest.xml:22:5-20
MERGED from [com.android.support:support-v4:23.1.1] AndroidManifest.xml:22:5-20
MERGED from [com.android.support:support-v4:23.1.1] AndroidManifest.xml:22:5-20
MERGED from [com.android.support:support-v4:23.1.1] AndroidManifest.xml:22:5-20
	android:label
		ADDED from src\main\AndroidManifest.xml:13:13-45
	android:supportsRtl
		ADDED from src\main\AndroidManifest.xml:14:13-39
	android:allowBackup
		ADDED from src\main\AndroidManifest.xml:11:13-39
	android:icon
		ADDED from src\main\AndroidManifest.xml:12:13-44
	android:theme
		ADDED from src\main\AndroidManifest.xml:15:13-44
activity#com.example.fashkl.project.HomePage
ADDED from src\main\AndroidManifest.xml:16:9-22:20
	android:name
		ADDED from src\main\AndroidManifest.xml:16:19-43
intent-filter#android.intent.action.MAIN+android.intent.category.LAUNCHER
ADDED from src\main\AndroidManifest.xml:17:13-21:29
action#android.intent.action.MAIN
ADDED from src\main\AndroidManifest.xml:18:17-68
	android:name
		ADDED from src\main\AndroidManifest.xml:18:25-66
category#android.intent.category.LAUNCHER
ADDED from src\main\AndroidManifest.xml:20:17-76
	android:name
		ADDED from src\main\AndroidManifest.xml:20:27-74
activity#com.example.fashkl.project.AddBalancePage
ADDED from src\main\AndroidManifest.xml:23:9-26:11
	android:label
		ADDED from src\main\AndroidManifest.xml:25:17-40
	android:name
		ADDED from src\main\AndroidManifest.xml:24:17-47
activity#com.example.fashkl.project.BookTicketPage
ADDED from src\main\AndroidManifest.xml:27:9-30:11
	android:label
		ADDED from src\main\AndroidManifest.xml:29:17-40
	android:name
		ADDED from src\main\AndroidManifest.xml:28:17-47
activity#com.example.fashkl.project.SelectPage
ADDED from src\main\AndroidManifest.xml:31:9-33:42
	android:label
		ADDED from src\main\AndroidManifest.xml:33:17-40
	android:name
		ADDED from src\main\AndroidManifest.xml:32:17-43
activity#com.example.fashkl.project.LoginPage
ADDED from src\main\AndroidManifest.xml:34:9-37:11
	android:label
		ADDED from src\main\AndroidManifest.xml:36:17-38
	android:name
		ADDED from src\main\AndroidManifest.xml:35:17-42
activity#com.example.fashkl.project.ViewTicketPage
ADDED from src\main\AndroidManifest.xml:38:9-41:11
	android:label
		ADDED from src\main\AndroidManifest.xml:40:17-46
	android:name
		ADDED from src\main\AndroidManifest.xml:39:17-47
activity#com.example.fashkl.project.TicketDetailsPage
ADDED from src\main\AndroidManifest.xml:42:9-45:11
	android:label
		ADDED from src\main\AndroidManifest.xml:44:17-47
	android:name
		ADDED from src\main\AndroidManifest.xml:43:17-50
activity#com.example.fashkl.project.RegisterPage
ADDED from src\main\AndroidManifest.xml:47:9-49:57
	android:label
		ADDED from src\main\AndroidManifest.xml:49:17-45
	android:name
		ADDED from src\main\AndroidManifest.xml:48:17-45
uses-sdk
INJECTED from src\main\AndroidManifest.xml reason: use-sdk injection requested
MERGED from [com.android.support:appcompat-v7:23.1.1] AndroidManifest.xml:20:5-43
MERGED from [com.android.support:support-v4:23.1.1] AndroidManifest.xml:20:5-43
MERGED from [com.android.support:design:23.1.1] AndroidManifest.xml:20:5-43
MERGED from [com.android.support:appcompat-v7:23.1.1] AndroidManifest.xml:20:5-43
MERGED from [com.android.support:support-v4:23.1.1] AndroidManifest.xml:20:5-43
MERGED from [com.android.support:recyclerview-v7:23.1.1] AndroidManifest.xml:20:5-43
MERGED from [com.android.support:support-v4:23.1.1] AndroidManifest.xml:20:5-43
MERGED from [com.android.support:support-v4:23.1.1] AndroidManifest.xml:20:5-43
	android:targetSdkVersion
		INJECTED from src\main\AndroidManifest.xml
		INJECTED from src\main\AndroidManifest.xml
	android:minSdkVersion
		INJECTED from src\main\AndroidManifest.xml
		INJECTED from src\main\AndroidManifest.xml